<?xml version="1.0" encoding="UTF-8"?>
<!-- Generated by org.testng.reporters.JUnitReportReporter -->
<testsuite hostname="LAPTOP-ABPR7OLT" failures="0" tests="1" name="Scriptsexecutions.Addadress" time="49.096" errors="0" timestamp="29 Aug 2018 17:00:02 GMT" skipped="0">
  <testcase classname="Scriptsexecutions.Addadress" name="addadres" time="49.096"/>
</testsuite> <!-- Scriptsexecutions.Addadress -->
